Configuring MonadRandom-0.5.1.1...
Preprocessing library for MonadRandom-0.5.1.1..
Building library for MonadRandom-0.5.1.1..
[1 of 7] Compiling Control.Monad.Random.Class ( Control/Monad/Random/Class.hs, .stack-work/dist/x86_64-osx/Cabal-2.4.0.1/build/Control/Monad/Random/Class.o )

[;1mControl/Monad/Random/Class.hs:57:1: [;1m[35mwarning:[0m[0m[;1m [[;1m[35m-Wdeprecations[0m[0m[;1m][0m[0m[;1m
    Module ‘Control.Monad.Trans.Error’ is deprecated:
      Use Control.Monad.Trans.Except instead[0m[0m
[;1m[34m   |[0m[0m
[;1m[34m57 |[0m[0m [;1m[35mimport           Control.Monad.Trans.Error[0m[0m
[;1m[34m   |[0m[0m[;1m[35m ^^^^^^^^^^^^^^^^^^^^^^^^^^^^^^^^^^^^^^^^^^[0m[0m
[0m[0m[0m
[;1mControl/Monad/Random/Class.hs:60:1: [;1m[35mwarning:[0m[0m[;1m [[;1m[35m-Wdeprecations[0m[0m[;1m][0m[0m[;1m
    Module ‘Control.Monad.Trans.List’ is deprecated:
      This transformer is invalid on most monads[0m[0m
[;1m[34m   |[0m[0m
[;1m[34m60 |[0m[0m [;1m[35mimport           Control.Monad.Trans.List[0m[0m
[;1m[34m   |[0m[0m[;1m[35m ^^^^^^^^^^^^^^^^^^^^^^^^^^^^^^^^^^^^^^^^^[0m[0m
[0m[0m[0m
[;1mControl/Monad/Random/Class.hs:133:11: [;1m[35mwarning:[0m[0m[;1m [[;1m[35m-Wdeprecations[0m[0m[;1m][0m[0m[;1m
    In the use of type constructor or class ‘Error’
    (imported from Control.Monad.Trans.Error):
    Deprecated: "Use Control.Monad.Trans.Except instead"[0m[0m
[;1m[34m    |[0m[0m
[;1m[34m133 |[0m[0m instance ([;1m[35mError[0m[0m e, MonadRandom m) => MonadRandom (ErrorT e m) where
[;1m[34m    |[0m[0m[;1m[35m           ^^^^^[0m[0m
[0m[0m[0m
[;1mControl/Monad/Random/Class.hs:133:51: [;1m[35mwarning:[0m[0m[;1m [[;1m[35m-Wdeprecations[0m[0m[;1m][0m[0m[;1m
    In the use of type constructor or class ‘ErrorT’
    (imported from Control.Monad.Trans.Error):
    Deprecated: "Use Control.Monad.Trans.Except instead"[0m[0m
[;1m[34m    |[0m[0m
[;1m[34m133 |[0m[0m instance (Error e, MonadRandom m) => MonadRandom ([;1m[35mErrorT[0m[0m e m) where
[;1m[34m    |[0m[0m[;1m[35m                                                   ^^^^^^[0m[0m
[0m[0m[0m
[;1mControl/Monad/Random/Class.hs:151:42: [;1m[35mwarning:[0m[0m[;1m [[;1m[35m-Wdeprecations[0m[0m[;1m][0m[0m[;1m
    In the use of type constructor or class ‘ListT’
    (imported from Control.Monad.Trans.List):
    Deprecated: "This transformer is invalid on most monads"[0m[0m
[;1m[34m    |[0m[0m
[;1m[34m151 |[0m[0m instance (MonadRandom m) => MonadRandom ([;1m[35mListT[0m[0m m) where
[;1m[34m    |[0m[0m[;1m[35m                                          ^^^^^[0m[0m
[0m[0m[0m
[;1mControl/Monad/Random/Class.hs:230:11: [;1m[35mwarning:[0m[0m[;1m [[;1m[35m-Wdeprecations[0m[0m[;1m][0m[0m[;1m
    In the use of type constructor or class ‘Error’
    (imported from Control.Monad.Trans.Error):
    Deprecated: "Use Control.Monad.Trans.Except instead"[0m[0m
[;1m[34m    |[0m[0m
[;1m[34m230 |[0m[0m instance ([;1m[35mError[0m[0m e, MonadSplit g m) => MonadSplit g (ErrorT e m) where
[;1m[34m    |[0m[0m[;1m[35m           ^^^^^[0m[0m
[0m[0m[0m
[;1mControl/Monad/Random/Class.hs:230:53: [;1m[35mwarning:[0m[0m[;1m [[;1m[35m-Wdeprecations[0m[0m[;1m][0m[0m[;1m
    In the use of type constructor or class ‘ErrorT’
    (imported from Control.Monad.Trans.Error):
    Deprecated: "Use Control.Monad.Trans.Except instead"[0m[0m
[;1m[34m    |[0m[0m
[;1m[34m230 |[0m[0m instance (Error e, MonadSplit g m) => MonadSplit g ([;1m[35mErrorT[0m[0m e m) where
[;1m[34m    |[0m[0m[;1m[35m                                                     ^^^^^^[0m[0m
[0m[0m[0m
[;1mControl/Monad/Random/Class.hs:239:44: [;1m[35mwarning:[0m[0m[;1m [[;1m[35m-Wdeprecations[0m[0m[;1m][0m[0m[;1m
    In the use of type constructor or class ‘ListT’
    (imported from Control.Monad.Trans.List):
    Deprecated: "This transformer is invalid on most monads"[0m[0m
[;1m[34m    |[0m[0m
[;1m[34m239 |[0m[0m instance (MonadSplit g m) => MonadSplit g ([;1m[35mListT[0m[0m m) where
[;1m[34m    |[0m[0m[;1m[35m                                            ^^^^^[0m[0m
[0m[0m[0m
[;1mControl/Monad/Random/Class.hs:321:11: [;1m[35mwarning:[0m[0m[;1m [[;1m[35m-Wdeprecations[0m[0m[;1m][0m[0m[;1m
    In the use of type constructor or class ‘Error’
    (imported from Control.Monad.Trans.Error):
    Deprecated: "Use Control.Monad.Trans.Except instead"[0m[0m
[;1m[34m    |[0m[0m
[;1m[34m321 |[0m[0m instance ([;1m[35mError[0m[0m e, MonadInterleave m) => MonadInterleave (ErrorT e m) where
[;1m[34m    |[0m[0m[;1m[35m           ^^^^^[0m[0m
[0m[0m[0m
[;1mControl/Monad/Random/Class.hs:321:59: [;1m[35mwarning:[0m[0m[;1m [[;1m[35m-Wdeprecations[0m[0m[;1m][0m[0m[;1m
    In the use of type constructor or class ‘ErrorT’
    (imported from Control.Monad.Trans.Error):
    Deprecated: "Use Control.Monad.Trans.Except instead"[0m[0m
[;1m[34m    |[0m[0m
[;1m[34m321 |[0m[0m instance (Error e, MonadInterleave m) => MonadInterleave ([;1m[35mErrorT[0m[0m e m) where
[;1m[34m    |[0m[0m[;1m[35m                                                           ^^^^^^[0m[0m
[0m[0m[0m
[;1mControl/Monad/Random/Class.hs:322:16: [;1m[35mwarning:[0m[0m[;1m [[;1m[35m-Wdeprecations[0m[0m[;1m][0m[0m[;1m
    In the use of ‘mapErrorT’
    (imported from Control.Monad.Trans.Error):
    Deprecated: "Use Control.Monad.Trans.Except instead"[0m[0m
[;1m[34m    |[0m[0m
[;1m[34m322 |[0m[0m   interleave = [;1m[35mmapErrorT[0m[0m interleave
[;1m[34m    |[0m[0m[;1m[35m                ^^^^^^^^^[0m[0m
[0m[0m[0m
[;1mControl/Monad/Random/Class.hs:330:50: [;1m[35mwarning:[0m[0m[;1m [[;1m[35m-Wdeprecations[0m[0m[;1m][0m[0m[;1m
    In the use of type constructor or class ‘ListT’
    (imported from Control.Monad.Trans.List):
    Deprecated: "This transformer is invalid on most monads"[0m[0m
[;1m[34m    |[0m[0m
[;1m[34m330 |[0m[0m instance (MonadInterleave m) => MonadInterleave ([;1m[35mListT[0m[0m m) where
[;1m[34m    |[0m[0m[;1m[35m                                                  ^^^^^[0m[0m
[0m[0m[0m
[;1mControl/Monad/Random/Class.hs:331:16: [;1m[35mwarning:[0m[0m[;1m [[;1m[35m-Wdeprecations[0m[0m[;1m][0m[0m[;1m
    In the use of ‘mapListT’ (imported from Control.Monad.Trans.List):
    Deprecated: "This transformer is invalid on most monads"[0m[0m
[;1m[34m    |[0m[0m
[;1m[34m331 |[0m[0m   interleave = [;1m[35mmapListT[0m[0m interleave
[;1m[34m    |[0m[0m[;1m[35m                ^^^^^^^^[0m[0m
[0m[0m[0m[2 of 7] Compiling Control.Monad.Trans.Random.Lazy ( Control/Monad/Trans/Random/Lazy.hs, .stack-work/dist/x86_64-osx/Cabal-2.4.0.1/build/Control/Monad/Trans/Random/Lazy.o )
[3 of 7] Compiling Control.Monad.Trans.Random ( Control/Monad/Trans/Random.hs, .stack-work/dist/x86_64-osx/Cabal-2.4.0.1/build/Control/Monad/Trans/Random.o )
[4 of 7] Compiling Control.Monad.Random.Lazy ( Control/Monad/Random/Lazy.hs, .stack-work/dist/x86_64-osx/Cabal-2.4.0.1/build/Control/Monad/Random/Lazy.o )
[5 of 7] Compiling Control.Monad.Random ( Control/Monad/Random.hs, .stack-work/dist/x86_64-osx/Cabal-2.4.0.1/build/Control/Monad/Random.o )
[6 of 7] Compiling Control.Monad.Trans.Random.Strict ( Control/Monad/Trans/Random/Strict.hs, .stack-work/dist/x86_64-osx/Cabal-2.4.0.1/build/Control/Monad/Trans/Random/Strict.o )
[7 of 7] Compiling Control.Monad.Random.Strict ( Control/Monad/Random/Strict.hs, .stack-work/dist/x86_64-osx/Cabal-2.4.0.1/build/Control/Monad/Random/Strict.o )
Installing library in /Users/carlson/dev/haskell/GenerativeArt/art/.stack-work/install/x86_64-osx/lts-13.27/8.6.5/lib/x86_64-osx-ghc-8.6.5/MonadRandom-0.5.1.1-278FpiBxWhjChYdcWGjani
Registering library for MonadRandom-0.5.1.1..
